<?xml version="1.0" encoding="utf-8"?><testsuites name="pytest tests"><testsuite name="pytest" errors="0" failures="0" skipped="0" tests="7" time="5.039" timestamp="2026-04-14T00:31:47.250838+00:00" hostname="agent-env-e6c8f221-68c4-4c5f-a69a-b71b6ab9daa9"><testcase classname="backend.tests.test_api.TestMailingList" name="test_subscribe" time="0.731" /><testcase classname="backend.tests.test_api.TestMailingList" name="test_duplicate_email" time="0.701" /><testcase classname="backend.tests.test_api.TestMailingList" name="test_count" time="0.382" /><testcase classname="backend.tests.test_api.TestGuestbook" name="test_post_entry" time="0.363" /><testcase classname="backend.tests.test_api.TestGuestbook" name="test_get_entries" time="0.487" /><testcase classname="backend.tests.test_api.TestGuestbook" name="test_empty_name_rejected" time="0.614" /><testcase classname="backend.tests.test_api.TestEvents" name="test_get_events" time="0.395" /></testsuite></testsuites>